2025-06-03 08:44:38,311 - INFO - Đã lưu dữ liệu giao dịch của FPT
2025-06-03 08:44:38,321 - INFO - Đã lưu dữ liệu technical của FPT
2025-06-03 08:44:43,346 - INFO - Đã lưu dữ liệu giao dịch của VN30F1M
2025-06-03 08:44:48,315 - INFO - Đã lưu dữ liệu giao dịch của VNINDEX
2025-06-03 08:45:06,847 - WARNING - Lỗi API call (1/5): RetryError[<Future at 0x10edca740 state=finished raised ValueError>]. Đợi 5s...
2025-06-03 08:45:15,858 - WARNING - Lỗi API call (2/5): RetryError[<Future at 0x10edc9fc0 state=finished raised ValueError>]. Đợi 10s...
2025-06-03 08:45:29,873 - WARNING - Lỗi API call (3/5): RetryError[<Future at 0x10edcac80 state=finished raised ValueError>]. Đợi 15s...
2025-06-03 08:45:48,887 - WARNING - Lỗi API call (4/5): RetryError[<Future at 0x10edca590 state=finished raised ValueError>]. Đợi 20s...
2025-06-03 08:46:12,906 - WARNING - Lỗi API call (5/5): RetryError[<Future at 0x10edca6b0 state=finished raised ValueError>]. Đợi 25s...
2025-06-03 08:46:37,911 - ERROR - Lỗi khi thu thập dữ liệu intraday cho VCB: Đã thử 5 lần nhưng vẫn gặp lỗi: RetryError[<Future at 0x10edca6b0 state=finished raised ValueError>]
2025-06-03 08:46:46,924 - WARNING - Lỗi API call (1/5): RetryError[<Future at 0x10edcb6a0 state=finished raised ValueError>]. Đợi 5s...
2025-06-03 08:46:55,957 - WARNING - Lỗi API call (2/5): RetryError[<Future at 0x10eee74f0 state=finished raised ValueError>]. Đợi 10s...
2025-06-03 08:47:09,973 - WARNING - Lỗi API call (3/5): RetryError[<Future at 0x10eee6920 state=finished raised ValueError>]. Đợi 15s...
2025-06-03 08:47:17,426 - INFO - Bắt đầu thu thập dữ liệu...
2025-06-03 08:47:17,624 - INFO - Đã lưu dữ liệu giao dịch của VCB
2025-06-03 08:47:17,638 - INFO - Đã lưu dữ liệu technical của VCB
2025-06-03 08:47:22,831 - INFO - Đã lưu dữ liệu giao dịch của VNM
2025-06-03 08:47:22,844 - INFO - Đã lưu dữ liệu technical của VNM
2025-06-03 08:47:27,677 - INFO - Đã lưu dữ liệu giao dịch của FPT
2025-06-03 08:47:27,689 - INFO - Đã lưu dữ liệu technical của FPT
2025-06-03 08:47:32,764 - INFO - Đã lưu dữ liệu giao dịch của VN30F1M
2025-06-03 08:47:37,660 - INFO - Đã lưu dữ liệu giao dịch của VNINDEX
2025-06-03 08:47:54,278 - WARNING - Lỗi API call (1/5): RetryError[<Future at 0x1369079d0 state=finished raised ValueError>]. Đợi 5s...
2025-06-03 08:48:03,297 - WARNING - Lỗi API call (2/5): RetryError[<Future at 0x136905750 state=finished raised ValueError>]. Đợi 10s...
2025-06-03 08:48:17,311 - WARNING - Lỗi API call (3/5): RetryError[<Future at 0x136906b90 state=finished raised ValueError>]. Đợi 15s...
2025-06-03 08:48:36,324 - WARNING - Lỗi API call (4/5): RetryError[<Future at 0x136907880 state=finished raised ValueError>]. Đợi 20s...
2025-06-03 09:44:08,087 - INFO - Đang thu thập dữ liệu intraday cho VCB...
2025-06-03 09:44:08,660 - INFO - Đã lưu dữ liệu intraday vào collected_data/intraday/VCB_intraday_20250603.csv
2025-06-03 09:44:08,660 - INFO - 
Thông tin dữ liệu intraday VCB:
2025-06-03 09:44:08,660 - INFO - Số lượng records: 561
2025-06-03 09:44:13,663 - INFO - Đang thu thập dữ liệu intraday cho VNM...
2025-06-03 09:44:13,909 - INFO - Đã lưu dữ liệu intraday vào collected_data/intraday/VNM_intraday_20250603.csv
2025-06-03 09:44:13,909 - INFO - 
Thông tin dữ liệu intraday VNM:
2025-06-03 09:44:13,909 - INFO - Số lượng records: 708
2025-06-03 09:44:18,912 - INFO - Đang thu thập dữ liệu intraday cho FPT...
2025-06-03 09:44:19,185 - INFO - Đã lưu dữ liệu intraday vào collected_data/intraday/FPT_intraday_20250603.csv
2025-06-03 09:44:19,185 - INFO - 
Thông tin dữ liệu intraday FPT:
2025-06-03 09:44:19,185 - INFO - Số lượng records: 788
2025-06-03 09:44:24,188 - INFO - Đang thu thập dữ liệu bảng giá...
2025-06-03 09:44:24,441 - INFO - Đã lưu bảng giá vào collected_data/market_data/price_board_20250603_094424.csv
2025-06-03 09:44:29,447 - INFO - Đang thu thập thống kê giao dịch cho VCB...
2025-06-03 09:44:29,620 - INFO - Đã lưu thống kê giao dịch vào collected_data/trading_stats/VCB_trading_stats_20250603.csv
2025-06-03 09:44:34,626 - INFO - Đang thu thập thống kê giao dịch cho VNM...
2025-06-03 09:44:47,435 - INFO - Đã lưu thống kê giao dịch vào collected_data/trading_stats/VNM_trading_stats_20250603.csv
2025-06-03 09:44:52,440 - INFO - Đang thu thập thống kê giao dịch cho FPT...
2025-06-03 09:44:53,647 - INFO - Đã lưu thống kê giao dịch vào collected_data/trading_stats/FPT_trading_stats_20250603.csv
